  Building Custom Rule C:/A_ReserveLand/HHCast/RPiPlay/lib/CMakeLists.txt
  byteutils.c
C:\A_ReserveLand\HHCast\RPiPlay\lib\byteutils.c(109,40): warning C4244: “函数”: 从“uint64_t”转换到“u_long”，可能丢失数据
C:\A_ReserveLand\HHCast\RPiPlay\lib\byteutils.c(110,44): warning C4244: “函数”: 从“uint64_t”转换到“u_long”，可能丢失数据
  crypto.c
  dnssd.c
C:\A_ReserveLand\HHCast\RPiPlay\lib\dns_sd.h(88,1): warning C4005: “DNSSD_API”: 宏重定义
  (编译源文件“../../lib/dnssd.c”)
  C:\A_ReserveLand\HHCast\RPiPlay\lib\dnssd.h(7,1):
  参见“DNSSD_API”的前一个定义
  
C:\A_ReserveLand\HHCast\RPiPlay\lib\dnssd.c(261,57): warning C4267: “函数”: 从“size_t”转换到“uint8_t”，可能丢失数据
C:\A_ReserveLand\HHCast\RPiPlay\lib\dnssd.c(262,57): warning C4267: “函数”: 从“size_t”转换到“uint8_t”，可能丢失数据
C:\A_ReserveLand\HHCast\RPiPlay\lib\dnssd.c(263,57): warning C4267: “函数”: 从“size_t”转换到“uint8_t”，可能丢失数据
C:\A_ReserveLand\HHCast\RPiPlay\lib\dnssd.c(264,57): warning C4267: “函数”: 从“size_t”转换到“uint8_t”，可能丢失数据
C:\A_ReserveLand\HHCast\RPiPlay\lib\dnssd.c(265,57): warning C4267: “函数”: 从“size_t”转换到“uint8_t”，可能丢失数据
C:\A_ReserveLand\HHCast\RPiPlay\lib\dnssd.c(266,57): warning C4267: “函数”: 从“size_t”转换到“uint8_t”，可能丢失数据
C:\A_ReserveLand\HHCast\RPiPlay\lib\dnssd.c(267,57): warning C4267: “函数”: 从“size_t”转换到“uint8_t”，可能丢失数据
C:\A_ReserveLand\HHCast\RPiPlay\lib\dnssd.c(268,57): warning C4267: “函数”: 从“size_t”转换到“uint8_t”，可能丢失数据
C:\A_ReserveLand\HHCast\RPiPlay\lib\dnssd.c(269,58): warning C4267: “函数”: 从“size_t”转换到“uint8_t”，可能丢失数据
C:\A_ReserveLand\HHCast\RPiPlay\lib\dnssd.c(270,57): warning C4267: “函数”: 从“size_t”转换到“uint8_t”，可能丢失数据
C:\A_ReserveLand\HHCast\RPiPlay\lib\dnssd.c(271,57): warning C4267: “函数”: 从“size_t”转换到“uint8_t”，可能丢失数据
C:\A_ReserveLand\HHCast\RPiPlay\lib\dnssd.c(272,57): warning C4267: “函数”: 从“size_t”转换到“uint8_t”，可能丢失数据
C:\A_ReserveLand\HHCast\RPiPlay\lib\dnssd.c(273,57): warning C4267: “函数”: 从“size_t”转换到“uint8_t”，可能丢失数据
C:\A_ReserveLand\HHCast\RPiPlay\lib\dnssd.c(274,57): warning C4267: “函数”: 从“size_t”转换到“uint8_t”，可能丢失数据
C:\A_ReserveLand\HHCast\RPiPlay\lib\dnssd.c(275,62): warning C4267: “函数”: 从“size_t”转换到“uint8_t”，可能丢失数据
C:\A_ReserveLand\HHCast\RPiPlay\lib\dnssd.c(276,57): warning C4267: “函数”: 从“size_t”转换到“uint8_t”，可能丢失数据
C:\A_ReserveLand\HHCast\RPiPlay\lib\dnssd.c(277,57): warning C4267: “函数”: 从“size_t”转换到“uint8_t”，可能丢失数据
C:\A_ReserveLand\HHCast\RPiPlay\lib\dnssd.c(278,57): warning C4267: “函数”: 从“size_t”转换到“uint8_t”，可能丢失数据
C:\A_ReserveLand\HHCast\RPiPlay\lib\dnssd.c(279,57): warning C4267: “函数”: 从“size_t”转换到“uint8_t”，可能丢失数据
C:\A_ReserveLand\HHCast\RPiPlay\lib\dnssd.c(324,66): warning C4267: “函数”: 从“size_t”转换到“uint8_t”，可能丢失数据
C:\A_ReserveLand\HHCast\RPiPlay\lib\dnssd.c(325,66): warning C4267: “函数”: 从“size_t”转换到“uint8_t”，可能丢失数据
C:\A_ReserveLand\HHCast\RPiPlay\lib\dnssd.c(326,63): warning C4267: “函数”: 从“size_t”转换到“uint8_t”，可能丢失数据
C:\A_ReserveLand\HHCast\RPiPlay\lib\dnssd.c(327,63): warning C4267: “函数”: 从“size_t”转换到“uint8_t”，可能丢失数据
C:\A_ReserveLand\HHCast\RPiPlay\lib\dnssd.c(328,60): warning C4267: “函数”: 从“size_t”转换到“uint8_t”，可能丢失数据
C:\A_ReserveLand\HHCast\RPiPlay\lib\dnssd.c(329,60): warning C4267: “函数”: 从“size_t”转换到“uint8_t”，可能丢失数据
C:\A_ReserveLand\HHCast\RPiPlay\lib\dnssd.c(330,65): warning C4267: “函数”: 从“size_t”转换到“uint8_t”，可能丢失数据
C:\A_ReserveLand\HHCast\RPiPlay\lib\dnssd.c(331,60): warning C4267: “函数”: 从“size_t”转换到“uint8_t”，可能丢失数据
  fairplay_playfair.c
  http_request.c
  http_response.c
  httpd.c
  logger.c
  mirror_buffer.c
  netutils.c
C:\A_ReserveLand\HHCast\RPiPlay\lib\netutils.c(104,59): warning C4133: “函数”: 从“int *”到“const char *”的类型不兼容
  pairing.c
  raop.c
C:\A_ReserveLand\HHCast\RPiPlay\lib\raop_handlers.h(376,91): warning C4244: “函数”: 从“uint64_t”转换到“unsigned short”，可能丢失数据
  (编译源文件“../../lib/raop.c”)
  
C:\A_ReserveLand\HHCast\RPiPlay\lib\raop_handlers.h(489,34): warning C4996: 'strdup': The POSIX name for this item is deprecated. Instead, use the ISO C and C++ conformant name: _strdup. See online help for details.
  (编译源文件“../../lib/raop.c”)
  
  raop_buffer.c
C:\A_ReserveLand\HHCast\RPiPlay\lib\raop_buffer.c(240,5): warning C4018: “<=”: 有符号/无符号不匹配
  raop_ntp.c
C:\A_ReserveLand\HHCast\RPiPlay\lib\raop_ntp.c(206,52): warning C4133: “函数”: 从“timeval *”到“const char *”的类型不兼容
C:\A_ReserveLand\HHCast\RPiPlay\lib\raop_ntp.c(257,18): warning C4244: “=”: 从“time_t”转换到“long”，可能丢失数据
  raop_rtp.c
C:\A_ReserveLand\HHCast\RPiPlay\lib\raop_rtp.c(213,18): warning C4244: “=”: 从“unsigned short”转换到“unsigned char”，可能丢失数据
C:\A_ReserveLand\HHCast\RPiPlay\lib\raop_rtp.c(215,18): warning C4244: “=”: 从“unsigned short”转换到“unsigned char”，可能丢失数据
C:\A_ReserveLand\HHCast\RPiPlay\lib\raop_rtp.c(217,18): warning C4244: “=”: 从“unsigned short”转换到“unsigned char”，可能丢失数据
C:\A_ReserveLand\HHCast\RPiPlay\lib\raop_rtp.c(630,25): warning C4996: 'strdup': The POSIX name for this item is deprecated. Instead, use the ISO C and C++ conformant name: _strdup. See online help for details.
C:\A_ReserveLand\HHCast\RPiPlay\lib\raop_rtp.c(631,38): warning C4996: 'strdup': The POSIX name for this item is deprecated. Instead, use the ISO C and C++ conformant name: _strdup. See online help for details.
  raop_rtp_mirror.c
C:\A_ReserveLand\HHCast\RPiPlay\lib\raop_rtp_mirror.c(224,64): warning C4133: “函数”: 从“timeval *”到“const char *”的类型不兼容
C:\A_ReserveLand\HHCast\RPiPlay\lib\raop_rtp_mirror.c(230,65): warning C4133: “函数”: 从“int *”到“const char *”的类型不兼容
C:\A_ReserveLand\HHCast\RPiPlay\lib\raop_rtp_mirror.c(234,62): warning C4133: “函数”: 从“int *”到“const char *”的类型不兼容
C:\A_ReserveLand\HHCast\RPiPlay\lib\raop_rtp_mirror.c(238,63): warning C4133: “函数”: 从“int *”到“const char *”的类型不兼容
C:\A_ReserveLand\HHCast\RPiPlay\lib\raop_rtp_mirror.c(242,61): warning C4133: “函数”: 从“int *”到“const char *”的类型不兼容
C:\A_ReserveLand\HHCast\RPiPlay\lib\raop_rtp_mirror.c(277,30): warning C4018: “<”: 有符号/无符号不匹配
  utils.c
  正在生成代码...
  airplay.vcxproj -> C:\A_ReserveLand\HHCast\RPiPlay\build_Win32\lib\Debug\airplay.lib
