c:\a_reserveland\hhcast\rpiplay\build_win32\lib\debug\airplay.pdb
c:\a_reserveland\hhcast\rpiplay\build_win32\lib\airplay.dir\debug\utils.obj
c:\a_reserveland\hhcast\rpiplay\build_win32\lib\airplay.dir\debug\raop_rtp_mirror.obj
c:\a_reserveland\hhcast\rpiplay\build_win32\lib\airplay.dir\debug\raop_rtp.obj
c:\a_reserveland\hhcast\rpiplay\build_win32\lib\airplay.dir\debug\raop_ntp.obj
c:\a_reserveland\hhcast\rpiplay\build_win32\lib\airplay.dir\debug\raop_buffer.obj
c:\a_reserveland\hhcast\rpiplay\build_win32\lib\airplay.dir\debug\raop.obj
c:\a_reserveland\hhcast\rpiplay\build_win32\lib\airplay.dir\debug\pairing.obj
c:\a_reserveland\hhcast\rpiplay\build_win32\lib\airplay.dir\debug\netutils.obj
c:\a_reserveland\hhcast\rpiplay\build_win32\lib\airplay.dir\debug\mirror_buffer.obj
c:\a_reserveland\hhcast\rpiplay\build_win32\lib\airplay.dir\debug\logger.obj
c:\a_reserveland\hhcast\rpiplay\build_win32\lib\airplay.dir\debug\httpd.obj
c:\a_reserveland\hhcast\rpiplay\build_win32\lib\airplay.dir\debug\http_response.obj
c:\a_reserveland\hhcast\rpiplay\build_win32\lib\airplay.dir\debug\http_request.obj
c:\a_reserveland\hhcast\rpiplay\build_win32\lib\airplay.dir\debug\fairplay_playfair.obj
c:\a_reserveland\hhcast\rpiplay\build_win32\lib\airplay.dir\debug\dnssd.obj
c:\a_reserveland\hhcast\rpiplay\build_win32\lib\airplay.dir\debug\crypto.obj
c:\a_reserveland\hhcast\rpiplay\build_win32\lib\airplay.dir\debug\byteutils.obj
c:\a_reserveland\hhcast\rpiplay\build_win32\lib\cmakefiles\generate.stamp
c:\a_reserveland\hhcast\rpiplay\build_win32\lib\debug\airplay.lib
c:\a_reserveland\hhcast\rpiplay\build_win32\lib\airplay.dir\debug\airplay.tlog\cl.command.1.tlog
c:\a_reserveland\hhcast\rpiplay\build_win32\lib\airplay.dir\debug\airplay.tlog\cl.items.tlog
c:\a_reserveland\hhcast\rpiplay\build_win32\lib\airplay.dir\debug\airplay.tlog\cl.read.1.tlog
c:\a_reserveland\hhcast\rpiplay\build_win32\lib\airplay.dir\debug\airplay.tlog\cl.write.1.tlog
c:\a_reserveland\hhcast\rpiplay\build_win32\lib\airplay.dir\debug\airplay.tlog\custombuild.command.1.tlog
c:\a_reserveland\hhcast\rpiplay\build_win32\lib\airplay.dir\debug\airplay.tlog\custombuild.read.1.tlog
c:\a_reserveland\hhcast\rpiplay\build_win32\lib\airplay.dir\debug\airplay.tlog\custombuild.write.1.tlog
c:\a_reserveland\hhcast\rpiplay\build_win32\lib\airplay.dir\debug\airplay.tlog\lib-link.read.1.tlog
c:\a_reserveland\hhcast\rpiplay\build_win32\lib\airplay.dir\debug\airplay.tlog\lib-link.write.1.tlog
c:\a_reserveland\hhcast\rpiplay\build_win32\lib\airplay.dir\debug\airplay.tlog\lib.command.1.tlog
