c:\a_reserveland\hhcast\rpiplay\build_win32\libairplay.dir\debug\vc143.pdb
c:\a_reserveland\hhcast\rpiplay\build_win32\libairplay.dir\debug\airplay.obj
c:\a_reserveland\hhcast\rpiplay\build_win32\cmakefiles\generate.stamp
c:\a_reserveland\hhcast\rpiplay\build_win32\debug\libcrypto-3.dll
c:\a_reserveland\hhcast\rpiplay\build_win32\debug\plist-2.0.dll
c:\a_reserveland\hhcast\rpiplay\build_win32\debug\pthreadvc3.dll
c:\a_reserveland\hhcast\rpiplay\build_win32\debug\libairplay.lib
c:\a_reserveland\hhcast\rpiplay\build_win32\debug\libairplay.exp
c:\a_reserveland\hhcast\rpiplay\build_win32\libairplay.dir\debug\libairplay.ilk
c:\a_reserveland\hhcast\rpiplay\build_win32\debug\libairplay.dll
c:\a_reserveland\hhcast\rpiplay\build_win32\debug\libairplay.pdb
c:\a_reserveland\hhcast\rpiplay\build_win32\libairplay.dir\debug\libairplay.tlog\cl.command.1.tlog
c:\a_reserveland\hhcast\rpiplay\build_win32\libairplay.dir\debug\libairplay.tlog\cl.items.tlog
c:\a_reserveland\hhcast\rpiplay\build_win32\libairplay.dir\debug\libairplay.tlog\cl.read.1.tlog
c:\a_reserveland\hhcast\rpiplay\build_win32\libairplay.dir\debug\libairplay.tlog\cl.write.1.tlog
c:\a_reserveland\hhcast\rpiplay\build_win32\libairplay.dir\debug\libairplay.tlog\custombuild.command.1.tlog
c:\a_reserveland\hhcast\rpiplay\build_win32\libairplay.dir\debug\libairplay.tlog\custombuild.read.1.tlog
c:\a_reserveland\hhcast\rpiplay\build_win32\libairplay.dir\debug\libairplay.tlog\custombuild.write.1.tlog
c:\a_reserveland\hhcast\rpiplay\build_win32\libairplay.dir\debug\libairplay.tlog\libairplay.write.1u.tlog
c:\a_reserveland\hhcast\rpiplay\build_win32\libairplay.dir\debug\libairplay.tlog\link.command.1.tlog
c:\a_reserveland\hhcast\rpiplay\build_win32\libairplay.dir\debug\libairplay.tlog\link.read.1.tlog
c:\a_reserveland\hhcast\rpiplay\build_win32\libairplay.dir\debug\libairplay.tlog\link.write.1.tlog
c:\a_reserveland\hhcast\rpiplay\build_win32\libairplay.dir\debug\libairplay.tlog\link.write.2u.tlog
